{"/Users/caique/Documents/codes/web3/poseidon/backend/src/auth/auth.controller.ts": {"path":"/Users/caique/Documents/codes/web3/poseidon/backend/src/auth/auth.controller.ts","statementMap":{"0":{"start":{"line":1,"column":0},"end":{"line":1,"column":null}},"1":{"start":{"line":10,"column":0},"end":{"line":10,"column":37}},"2":{"start":{"line":11,"column":0},"end":{"line":11,"column":43}},"3":{"start":{"line":12,"column":0},"end":{"line":12,"column":52}},"4":{"start":{"line":14,"column":0},"end":{"line":14,"column":55}},"5":{"start":{"line":15,"column":0},"end":{"line":15,"column":31}},"6":{"start":{"line":16,"column":0},"end":{"line":16,"column":45}},"7":{"start":{"line":17,"column":0},"end":{"line":17,"column":32}},"8":{"start":{"line":18,"column":0},"end":{"line":18,"column":47}},"9":{"start":{"line":21,"column":7},"end":{"line":123,"column":null}},"10":{"start":{"line":23,"column":21},"end":{"line":23,"column":34}},"11":{"start":{"line":24,"column":21},"end":{"line":24,"column":36}},"12":{"start":{"line":25,"column":21},"end":{"line":25,"column":34}},"13":{"start":{"line":30,"column":23},"end":{"line":30,"column":45}},"14":{"start":{"line":31,"column":4},"end":{"line":33,"column":5}},"15":{"start":{"line":32,"column":6},"end":{"line":32,"column":57}},"16":{"start":{"line":35,"column":20},"end":{"line":35,"column":79}},"17":{"start":{"line":39,"column":4},"end":{"line":43,"column":5}},"18":{"start":{"line":40,"column":6},"end":{"line":40,"column":58}},"19":{"start":{"line":42,"column":6},"end":{"line":42,"column":54}},"20":{"start":{"line":45,"column":4},"end":{"line":47,"column":5}},"21":{"start":{"line":46,"column":6},"end":{"line":46,"column":72}},"22":{"start":{"line":49,"column":17},"end":{"line":49,"column":68}},"23":{"start":{"line":50,"column":4},"end":{"line":50,"column":61}},"24":{"start":{"line":50,"column":15},"end":{"line":50,"column":61}},"25":{"start":{"line":51,"column":4},"end":{"line":52,"column":56}},"26":{"start":{"line":52,"column":6},"end":{"line":52,"column":56}},"27":{"start":{"line":54,"column":4},"end":{"line":60,"column":7}},"28":{"start":{"line":65,"column":17},"end":{"line":65,"column":53}},"29":{"start":{"line":67,"column":4},"end":{"line":84,"column":7}},"30":{"start":{"line":86,"column":4},"end":{"line":86,"column":16}},"31":{"start":{"line":94,"column":17},"end":{"line":94,"column":66}},"32":{"start":{"line":96,"column":4},"end":{"line":113,"column":7}},"33":{"start":{"line":115,"column":4},"end":{"line":121,"column":7}},"34":{"start":{"line":21,"column":13},"end":{"line":21,"column":27}},"35":{"start":{"line":29,"column":8},"end":{"line":61,"column":null}},"36":{"start":{"line":64,"column":8},"end":{"line":87,"column":null}},"37":{"start":{"line":90,"column":8},"end":{"line":122,"column":null}},"38":{"start":{"line":21,"column":13},"end":{"line":123,"column":null}}},"fnMap":{"0":{"name":"(anonymous_4)","decl":{"start":{"line":22,"column":2},"end":{"line":22,"column":null}},"loc":{"start":{"line":25,"column":45},"end":{"line":26,"column":6}}},"1":{"name":"(anonymous_5)","decl":{"start":{"line":29,"column":2},"end":{"line":29,"column":7}},"loc":{"start":{"line":29,"column":36},"end":{"line":61,"column":3}}},"2":{"name":"(anonymous_6)","decl":{"start":{"line":64,"column":2},"end":{"line":64,"column":7}},"loc":{"start":{"line":64,"column":36},"end":{"line":87,"column":3}}},"3":{"name":"(anonymous_7)","decl":{"start":{"line":90,"column":2},"end":{"line":90,"column":7}},"loc":{"start":{"line":92,"column":31},"end":{"line":122,"column":3}}}},"branchMap":{"0":{"loc":{"start":{"line":31,"column":4},"end":{"line":33,"column":5}},"type":"if","locations":[{"start":{"line":31,"column":4},"end":{"line":33,"column":5}}]},"1":{"loc":{"start":{"line":45,"column":4},"end":{"line":47,"column":5}},"type":"if","locations":[{"start":{"line":45,"column":4},"end":{"line":47,"column":5}}]},"2":{"loc":{"start":{"line":50,"column":4},"end":{"line":50,"column":61}},"type":"if","locations":[{"start":{"line":50,"column":4},"end":{"line":50,"column":61}}]},"3":{"loc":{"start":{"line":51,"column":4},"end":{"line":52,"column":56}},"type":"if","locations":[{"start":{"line":51,"column":4},"end":{"line":52,"column":56}}]}},"s":{"0":0,"1":0,"2":0,"3":0,"4":0,"5":0,"6":0,"7":0,"8":0,"9":0,"10":0,"11":0,"12":0,"13":0,"14":0,"15":0,"16":0,"17":0,"18":0,"19":0,"20":0,"21":0,"22":0,"23":0,"24":0,"25":0,"26":0,"27":0,"28":0,"29":0,"30":0,"31":0,"32":0,"33":0,"34":0,"35":0,"36":0,"37":0,"38":0},"f":{"0":0,"1":0,"2":0,"3":0},"b":{"0":[0],"1":[0],"2":[0],"3":[0]}}
,"/Users/caique/Documents/codes/web3/poseidon/backend/src/auth/auth.service.ts": {"path":"/Users/caique/Documents/codes/web3/poseidon/backend/src/auth/auth.service.ts","statementMap":{"0":{"start":{"line":1,"column":0},"end":{"line":1,"column":67}},"1":{"start":{"line":2,"column":0},"end":{"line":2,"column":41}},"2":{"start":{"line":4,"column":0},"end":{"line":4,"column":31}},"3":{"start":{"line":7,"column":7},"end":{"line":30,"column":null}},"4":{"start":{"line":8,"column":31},"end":{"line":8,"column":43}},"5":{"start":{"line":11,"column":4},"end":{"line":14,"column":7}},"6":{"start":{"line":18,"column":4},"end":{"line":18,"column":72}},"7":{"start":{"line":22,"column":4},"end":{"line":28,"column":5}},"8":{"start":{"line":23,"column":6},"end":{"line":25,"column":9}},"9":{"start":{"line":27,"column":6},"end":{"line":27,"column":53}},"10":{"start":{"line":7,"column":13},"end":{"line":7,"column":24}},"11":{"start":{"line":7,"column":13},"end":{"line":30,"column":null}}},"fnMap":{"0":{"name":"(anonymous_2)","decl":{"start":{"line":8,"column":2},"end":{"line":8,"column":31}},"loc":{"start":{"line":8,"column":53},"end":{"line":8,"column":57}}},"1":{"name":"(anonymous_3)","decl":{"start":{"line":10,"column":2},"end":{"line":10,"column":13}},"loc":{"start":{"line":10,"column":26},"end":{"line":15,"column":3}}},"2":{"name":"(anonymous_4)","decl":{"start":{"line":17,"column":2},"end":{"line":17,"column":13}},"loc":{"start":{"line":17,"column":35},"end":{"line":19,"column":3}}},"3":{"name":"(anonymous_5)","decl":{"start":{"line":21,"column":2},"end":{"line":21,"column":12}},"loc":{"start":{"line":21,"column":26},"end":{"line":29,"column":3}}}},"branchMap":{},"s":{"0":0,"1":0,"2":0,"3":0,"4":0,"5":0,"6":0,"7":0,"8":0,"9":0,"10":0,"11":0},"f":{"0":0,"1":0,"2":0,"3":0},"b":{}}
,"/Users/caique/Documents/codes/web3/poseidon/backend/src/user/user.controller.ts": {"path":"/Users/caique/Documents/codes/web3/poseidon/backend/src/user/user.controller.ts","statementMap":{"0":{"start":{"line":1,"column":0},"end":{"line":1,"column":null}},"1":{"start":{"line":11,"column":0},"end":{"line":11,"column":45}},"2":{"start":{"line":12,"column":0},"end":{"line":12,"column":37}},"3":{"start":{"line":13,"column":0},"end":{"line":13,"column":48}},"4":{"start":{"line":14,"column":0},"end":{"line":14,"column":52}},"5":{"start":{"line":17,"column":7},"end":{"line":62,"column":null}},"6":{"start":{"line":19,"column":21},"end":{"line":19,"column":34}},"7":{"start":{"line":20,"column":21},"end":{"line":20,"column":34}},"8":{"start":{"line":26,"column":16},"end":{"line":26,"column":59}},"9":{"start":{"line":27,"column":4},"end":{"line":27,"column":48}},"10":{"start":{"line":36,"column":16},"end":{"line":36,"column":59}},"11":{"start":{"line":37,"column":4},"end":{"line":47,"column":5}},"12":{"start":{"line":38,"column":6},"end":{"line":39,"column":39}},"13":{"start":{"line":39,"column":8},"end":{"line":39,"column":39}},"14":{"start":{"line":40,"column":6},"end":{"line":40,"column":64}},"15":{"start":{"line":42,"column":6},"end":{"line":43,"column":39}},"16":{"start":{"line":43,"column":8},"end":{"line":43,"column":39}},"17":{"start":{"line":44,"column":19},"end":{"line":44,"column":61}},"18":{"start":{"line":45,"column":6},"end":{"line":45,"column":27}},"19":{"start":{"line":46,"column":6},"end":{"line":46,"column":18}},"20":{"start":{"line":57,"column":16},"end":{"line":57,"column":59}},"21":{"start":{"line":58,"column":4},"end":{"line":59,"column":37}},"22":{"start":{"line":59,"column":6},"end":{"line":59,"column":37}},"23":{"start":{"line":60,"column":4},"end":{"line":60,"column":49}},"24":{"start":{"line":17,"column":13},"end":{"line":17,"column":27}},"25":{"start":{"line":25,"column":8},"end":{"line":28,"column":null}},"26":{"start":{"line":32,"column":8},"end":{"line":48,"column":null}},"27":{"start":{"line":52,"column":8},"end":{"line":61,"column":null}},"28":{"start":{"line":17,"column":13},"end":{"line":62,"column":null}}},"fnMap":{"0":{"name":"(anonymous_4)","decl":{"start":{"line":18,"column":2},"end":{"line":18,"column":null}},"loc":{"start":{"line":20,"column":45},"end":{"line":21,"column":6}}},"1":{"name":"(anonymous_5)","decl":{"start":{"line":25,"column":2},"end":{"line":25,"column":7}},"loc":{"start":{"line":25,"column":59},"end":{"line":28,"column":3}}},"2":{"name":"(anonymous_6)","decl":{"start":{"line":32,"column":2},"end":{"line":32,"column":7}},"loc":{"start":{"line":34,"column":43},"end":{"line":48,"column":3}}},"3":{"name":"(anonymous_7)","decl":{"start":{"line":52,"column":2},"end":{"line":52,"column":7}},"loc":{"start":{"line":55,"column":25},"end":{"line":61,"column":3}}}},"branchMap":{"0":{"loc":{"start":{"line":37,"column":4},"end":{"line":47,"column":5}},"type":"if","locations":[{"start":{"line":37,"column":4},"end":{"line":47,"column":5}},{"start":{"line":41,"column":11},"end":{"line":47,"column":5}}]},"1":{"loc":{"start":{"line":38,"column":6},"end":{"line":39,"column":39}},"type":"if","locations":[{"start":{"line":38,"column":6},"end":{"line":39,"column":39}}]},"2":{"loc":{"start":{"line":42,"column":6},"end":{"line":43,"column":39}},"type":"if","locations":[{"start":{"line":42,"column":6},"end":{"line":43,"column":39}}]},"3":{"loc":{"start":{"line":58,"column":4},"end":{"line":59,"column":37}},"type":"if","locations":[{"start":{"line":58,"column":4},"end":{"line":59,"column":37}}]}},"s":{"0":0,"1":0,"2":0,"3":0,"4":0,"5":0,"6":0,"7":0,"8":0,"9":0,"10":0,"11":0,"12":0,"13":0,"14":0,"15":0,"16":0,"17":0,"18":0,"19":0,"20":0,"21":0,"22":0,"23":0,"24":0,"25":0,"26":0,"27":0,"28":0},"f":{"0":0,"1":0,"2":0,"3":0},"b":{"0":[0,0],"1":[0],"2":[0],"3":[0]}}
,"/Users/caique/Documents/codes/web3/poseidon/backend/src/user/user.service.ts": {"path":"/Users/caique/Documents/codes/web3/poseidon/backend/src/user/user.service.ts","statementMap":{"0":{"start":{"line":1,"column":0},"end":{"line":1,"column":null}},"1":{"start":{"line":9,"column":0},"end":{"line":9,"column":23}},"2":{"start":{"line":11,"column":0},"end":{"line":11,"column":47}},"3":{"start":{"line":12,"column":0},"end":{"line":12,"column":31}},"4":{"start":{"line":13,"column":0},"end":{"line":13,"column":66}},"5":{"start":{"line":16,"column":24},"end":{"line":167,"column":null}},"6":{"start":{"line":18,"column":17},"end":{"line":25,"column":6}},"7":{"start":{"line":27,"column":4},"end":{"line":27,"column":45}},"8":{"start":{"line":27,"column":15},"end":{"line":27,"column":45}},"9":{"start":{"line":29,"column":4},"end":{"line":29,"column":25}},"10":{"start":{"line":30,"column":4},"end":{"line":30,"column":16}},"11":{"start":{"line":34,"column":17},"end":{"line":38,"column":6}},"12":{"start":{"line":40,"column":4},"end":{"line":40,"column":45}},"13":{"start":{"line":40,"column":15},"end":{"line":40,"column":45}},"14":{"start":{"line":42,"column":4},"end":{"line":42,"column":47}},"15":{"start":{"line":44,"column":4},"end":{"line":44,"column":16}},"16":{"start":{"line":48,"column":20},"end":{"line":59,"column":6}},"17":{"start":{"line":61,"column":4},"end":{"line":76,"column":5}},"18":{"start":{"line":62,"column":6},"end":{"line":75,"column":7}},"19":{"start":{"line":63,"column":8},"end":{"line":65,"column":10}},"20":{"start":{"line":67,"column":8},"end":{"line":74,"column":11}},"21":{"start":{"line":78,"column":20},"end":{"line":90,"column":6}},"22":{"start":{"line":91,"column":4},"end":{"line":91,"column":19}},"23":{"start":{"line":95,"column":22},"end":{"line":99,"column":6}},"24":{"start":{"line":101,"column":4},"end":{"line":103,"column":5}},"25":{"start":{"line":102,"column":6},"end":{"line":102,"column":49}},"26":{"start":{"line":105,"column":24},"end":{"line":108,"column":6}},"27":{"start":{"line":110,"column":4},"end":{"line":110,"column":32}},"28":{"start":{"line":111,"column":4},"end":{"line":111,"column":23}},"29":{"start":{"line":115,"column":17},"end":{"line":115,"column":52}},"30":{"start":{"line":116,"column":4},"end":{"line":116,"column":45}},"31":{"start":{"line":116,"column":15},"end":{"line":116,"column":45}},"32":{"start":{"line":117,"column":4},"end":{"line":117,"column":71}},"33":{"start":{"line":117,"column":40},"end":{"line":117,"column":71}},"34":{"start":{"line":120,"column":24},"end":{"line":125,"column":6}},"35":{"start":{"line":127,"column":4},"end":{"line":127,"column":32}},"36":{"start":{"line":128,"column":4},"end":{"line":128,"column":23}},"37":{"start":{"line":132,"column":23},"end":{"line":132,"column":35}},"38":{"start":{"line":133,"column":16},"end":{"line":133,"column":18}},"39":{"start":{"line":135,"column":4},"end":{"line":137,"column":5}},"40":{"start":{"line":135,"column":17},"end":{"line":135,"column":18}},"41":{"start":{"line":136,"column":6},"end":{"line":136,"column":73}},"42":{"start":{"line":139,"column":4},"end":{"line":139,"column":17}},"43":{"start":{"line":143,"column":17},"end":{"line":143,"column":51}},"44":{"start":{"line":144,"column":4},"end":{"line":144,"column":45}},"45":{"start":{"line":144,"column":15},"end":{"line":144,"column":45}},"46":{"start":{"line":146,"column":4},"end":{"line":146,"column":48}},"47":{"start":{"line":146,"column":36},"end":{"line":146,"column":48}},"48":{"start":{"line":148,"column":4},"end":{"line":150,"column":5}},"49":{"start":{"line":149,"column":6},"end":{"line":149,"column":63}},"50":{"start":{"line":152,"column":26},"end":{"line":152,"column":63}},"51":{"start":{"line":153,"column":4},"end":{"line":155,"column":5}},"52":{"start":{"line":154,"column":6},"end":{"line":154,"column":65}},"53":{"start":{"line":157,"column":24},"end":{"line":162,"column":6}},"54":{"start":{"line":164,"column":4},"end":{"line":164,"column":32}},"55":{"start":{"line":165,"column":4},"end":{"line":165,"column":23}},"56":{"start":{"line":16,"column":13},"end":{"line":16,"column":24}},"57":{"start":{"line":16,"column":13},"end":{"line":167,"column":null}}},"fnMap":{"0":{"name":"(anonymous_1)","decl":{"start":{"line":17,"column":2},"end":{"line":17,"column":7}},"loc":{"start":{"line":17,"column":39},"end":{"line":31,"column":3}}},"1":{"name":"(anonymous_2)","decl":{"start":{"line":33,"column":2},"end":{"line":33,"column":7}},"loc":{"start":{"line":33,"column":26},"end":{"line":45,"column":3}}},"2":{"name":"(anonymous_3)","decl":{"start":{"line":47,"column":2},"end":{"line":47,"column":7}},"loc":{"start":{"line":47,"column":29},"end":{"line":92,"column":3}}},"3":{"name":"(anonymous_4)","decl":{"start":{"line":94,"column":2},"end":{"line":94,"column":7}},"loc":{"start":{"line":94,"column":44},"end":{"line":112,"column":3}}},"4":{"name":"(anonymous_5)","decl":{"start":{"line":114,"column":2},"end":{"line":114,"column":7}},"loc":{"start":{"line":114,"column":31},"end":{"line":129,"column":3}}},"5":{"name":"(anonymous_6)","decl":{"start":{"line":131,"column":2},"end":{"line":131,"column":8}},"loc":{"start":{"line":131,"column":46},"end":{"line":140,"column":3}}},"6":{"name":"(anonymous_7)","decl":{"start":{"line":142,"column":2},"end":{"line":142,"column":7}},"loc":{"start":{"line":142,"column":49},"end":{"line":166,"column":3}}}},"branchMap":{"0":{"loc":{"start":{"line":27,"column":4},"end":{"line":27,"column":45}},"type":"if","locations":[{"start":{"line":27,"column":4},"end":{"line":27,"column":45}}]},"1":{"loc":{"start":{"line":40,"column":4},"end":{"line":40,"column":45}},"type":"if","locations":[{"start":{"line":40,"column":4},"end":{"line":40,"column":45}}]},"2":{"loc":{"start":{"line":61,"column":4},"end":{"line":76,"column":5}},"type":"if","locations":[{"start":{"line":61,"column":4},"end":{"line":76,"column":5}}]},"3":{"loc":{"start":{"line":62,"column":6},"end":{"line":75,"column":7}},"type":"if","locations":[{"start":{"line":62,"column":6},"end":{"line":75,"column":7}},{"start":{"line":66,"column":13},"end":{"line":75,"column":7}}]},"4":{"loc":{"start":{"line":101,"column":4},"end":{"line":103,"column":5}},"type":"if","locations":[{"start":{"line":101,"column":4},"end":{"line":103,"column":5}}]},"5":{"loc":{"start":{"line":116,"column":4},"end":{"line":116,"column":45}},"type":"if","locations":[{"start":{"line":116,"column":4},"end":{"line":116,"column":45}}]},"6":{"loc":{"start":{"line":117,"column":4},"end":{"line":117,"column":71}},"type":"if","locations":[{"start":{"line":117,"column":4},"end":{"line":117,"column":71}}]},"7":{"loc":{"start":{"line":144,"column":4},"end":{"line":144,"column":45}},"type":"if","locations":[{"start":{"line":144,"column":4},"end":{"line":144,"column":45}}]},"8":{"loc":{"start":{"line":146,"column":4},"end":{"line":146,"column":48}},"type":"if","locations":[{"start":{"line":146,"column":4},"end":{"line":146,"column":48}}]},"9":{"loc":{"start":{"line":148,"column":4},"end":{"line":150,"column":5}},"type":"if","locations":[{"start":{"line":148,"column":4},"end":{"line":150,"column":5}}]},"10":{"loc":{"start":{"line":153,"column":4},"end":{"line":155,"column":5}},"type":"if","locations":[{"start":{"line":153,"column":4},"end":{"line":155,"column":5}}]}},"s":{"0":1,"1":1,"2":1,"3":1,"4":1,"5":1,"6":3,"7":3,"8":0,"9":3,"10":3,"11":1,"12":1,"13":0,"14":1,"15":1,"16":1,"17":1,"18":0,"19":0,"20":0,"21":1,"22":1,"23":1,"24":1,"25":1,"26":1,"27":1,"28":1,"29":1,"30":1,"31":0,"32":1,"33":0,"34":1,"35":1,"36":1,"37":1,"38":1,"39":1,"40":1,"41":6,"42":1,"43":1,"44":1,"45":0,"46":1,"47":0,"48":1,"49":0,"50":1,"51":1,"52":0,"53":1,"54":1,"55":1,"56":1,"57":1},"f":{"0":3,"1":1,"2":1,"3":1,"4":1,"5":1,"6":1},"b":{"0":[0],"1":[0],"2":[0],"3":[0,0],"4":[1],"5":[0],"6":[0],"7":[0],"8":[0],"9":[0],"10":[0]}}
}
