TN:
SF:src/auth/auth.controller.ts
FN:22,(anonymous_4)
FN:29,(anonymous_5)
FN:64,(anonymous_6)
FN:90,(anonymous_7)
FNF:4
FNH:0
FNDA:0,(anonymous_4)
FNDA:0,(anonymous_5)
FNDA:0,(anonymous_6)
FNDA:0,(anonymous_7)
DA:1,0
DA:10,0
DA:11,0
DA:12,0
DA:14,0
DA:15,0
DA:16,0
DA:17,0
DA:18,0
DA:21,0
DA:23,0
DA:24,0
DA:25,0
DA:29,0
DA:30,0
DA:31,0
DA:32,0
DA:35,0
DA:39,0
DA:40,0
DA:42,0
DA:45,0
DA:46,0
DA:49,0
DA:50,0
DA:51,0
DA:52,0
DA:54,0
DA:64,0
DA:65,0
DA:67,0
DA:86,0
DA:90,0
DA:94,0
DA:96,0
DA:115,0
LF:36
LH:0
BRDA:31,0,0,0
BRDA:45,1,0,0
BRDA:50,2,0,0
BRDA:51,3,0,0
BRF:4
BRH:0
end_of_record
TN:
SF:src/auth/auth.service.ts
FN:8,(anonymous_2)
FN:10,(anonymous_3)
FN:17,(anonymous_4)
FN:21,(anonymous_5)
FNF:4
FNH:0
FNDA:0,(anonymous_2)
FNDA:0,(anonymous_3)
FNDA:0,(anonymous_4)
FNDA:0,(anonymous_5)
DA:1,0
DA:2,0
DA:4,0
DA:7,0
DA:8,0
DA:11,0
DA:18,0
DA:22,0
DA:23,0
DA:27,0
LF:10
LH:0
BRF:0
BRH:0
end_of_record
TN:
SF:src/user/user.controller.ts
FN:18,(anonymous_4)
FN:25,(anonymous_5)
FN:32,(anonymous_6)
FN:52,(anonymous_7)
FNF:4
FNH:0
FNDA:0,(anonymous_4)
FNDA:0,(anonymous_5)
FNDA:0,(anonymous_6)
FNDA:0,(anonymous_7)
DA:1,0
DA:11,0
DA:12,0
DA:13,0
DA:14,0
DA:17,0
DA:19,0
DA:20,0
DA:25,0
DA:26,0
DA:27,0
DA:32,0
DA:36,0
DA:37,0
DA:38,0
DA:39,0
DA:40,0
DA:42,0
DA:43,0
DA:44,0
DA:45,0
DA:46,0
DA:52,0
DA:57,0
DA:58,0
DA:59,0
DA:60,0
LF:27
LH:0
BRDA:37,0,0,0
BRDA:37,0,1,0
BRDA:38,1,0,0
BRDA:42,2,0,0
BRDA:58,3,0,0
BRF:5
BRH:0
end_of_record
TN:
SF:src/user/user.service.ts
FN:17,(anonymous_1)
FN:33,(anonymous_2)
FN:47,(anonymous_3)
FN:94,(anonymous_4)
FN:114,(anonymous_5)
FN:131,(anonymous_6)
FN:142,(anonymous_7)
FNF:7
FNH:7
FNDA:3,(anonymous_1)
FNDA:1,(anonymous_2)
FNDA:1,(anonymous_3)
FNDA:1,(anonymous_4)
FNDA:1,(anonymous_5)
FNDA:1,(anonymous_6)
FNDA:1,(anonymous_7)
DA:1,1
DA:9,1
DA:11,1
DA:12,1
DA:13,1
DA:16,1
DA:18,3
DA:27,3
DA:29,3
DA:30,3
DA:34,1
DA:40,1
DA:42,1
DA:44,1
DA:48,1
DA:61,1
DA:62,0
DA:63,0
DA:67,0
DA:78,1
DA:91,1
DA:95,1
DA:101,1
DA:102,1
DA:105,1
DA:110,1
DA:111,1
DA:115,1
DA:116,1
DA:117,1
DA:120,1
DA:127,1
DA:128,1
DA:132,1
DA:133,1
DA:135,1
DA:136,6
DA:139,1
DA:143,1
DA:144,1
DA:146,1
DA:148,1
DA:149,0
DA:152,1
DA:153,1
DA:154,0
DA:157,1
DA:164,1
DA:165,1
LF:49
LH:44
BRDA:27,0,0,0
BRDA:40,1,0,0
BRDA:61,2,0,0
BRDA:62,3,0,0
BRDA:62,3,1,0
BRDA:101,4,0,1
BRDA:116,5,0,0
BRDA:117,6,0,0
BRDA:144,7,0,0
BRDA:146,8,0,0
BRDA:148,9,0,0
BRDA:153,10,0,0
BRF:12
BRH:1
end_of_record
